
> code-oss-dev@1.109.0 compile
> npm run gulp compile


> code-oss-dev@1.109.0 gulp
> node --max-old-space-size=8192 ./node_modules/gulp/bin/gulp.js compile

[[90m13:56:22[39m] Using gulpfile ~\Desktop\Projects\Personal\Project-Firefly\vscode\gulpfile.mjs
[[90m13:56:22[39m] Starting 'compile'...
[[90m13:56:22[39m] Starting [36mmonaco-typecheck[39m ...
[[90m13:56:22[39m] Starting [36mclean-out[39m ...
[[90m13:56:22[39m] Starting [36mclean-extension-configuration-editing[39m ...
[[90m13:56:22[39m] Starting [36mclean-extension-css-language-features-client[39m ...
[[90m13:56:22[39m] Starting [36mclean-extension-css-language-features-server[39m ...
[[90m13:56:22[39m] Starting [36mclean-extension-debug-auto-launch[39m ...
[[90m13:56:22[39m] Starting [36mclean-extension-debug-server-ready[39m ...
[[90m13:56:22[39m] Starting [36mclean-extension-emmet[39m ...
[[90m13:56:22[39m] Starting [36mclean-extension-extension-editing[39m ...
[[90m13:56:22[39m] Starting [36mclean-extension-git[39m ...
[[90m13:56:22[39m] Starting [36mclean-extension-git-base[39m ...
[[90m13:56:22[39m] Starting [36mclean-extension-github[39m ...
[[90m13:56:22[39m] Starting [36mclean-extension-github-authentication[39m ...
[[90m13:56:22[39m] Starting [36mclean-extension-grunt[39m ...
[[90m13:56:22[39m] Starting [36mclean-extension-gulp[39m ...
[[90m13:56:22[39m] Starting [36mclean-extension-html-language-features-client[39m ...
[[90m13:56:22[39m] Starting [36mclean-extension-html-language-features-server[39m ...
[[90m13:56:22[39m] Starting [36mclean-extension-ipynb[39m ...
[[90m13:56:22[39m] Starting [36mclean-extension-jake[39m ...
[[90m13:56:22[39m] Starting [36mclean-extension-json-language-features-client[39m ...
[[90m13:56:22[39m] Starting [36mclean-extension-json-language-features-server[39m ...
[[90m13:56:22[39m] Starting [36mclean-extension-markdown-language-features[39m ...
[[90m13:56:22[39m] Starting [36mclean-extension-markdown-math[39m ...
[[90m13:56:22[39m] Starting [36mclean-extension-media-preview[39m ...
[[90m13:56:22[39m] Starting [36mclean-extension-merge-conflict[39m ...
[[90m13:56:22[39m] Starting [36mclean-extension-mermaid-chat-features[39m ...
[[90m13:56:22[39m] Starting [36mclean-extension-terminal-suggest[39m ...
[[90m13:56:22[39m] Starting [36mclean-extension-microsoft-authentication[39m ...
[[90m13:56:22[39m] Starting [36mclean-extension-notebook-renderers[39m ...
[[90m13:56:22[39m] Starting [36mclean-extension-npm[39m ...
[[90m13:56:22[39m] Starting [36mclean-extension-php-language-features[39m ...
[[90m13:56:22[39m] Starting [36mclean-extension-references-view[39m ...
[[90m13:56:22[39m] Starting [36mclean-extension-search-result[39m ...
[[90m13:56:22[39m] Starting [36mclean-extension-simple-browser[39m ...
[[90m13:56:22[39m] Starting [36mclean-extension-tunnel-forwarding[39m ...
[[90m13:56:22[39m] Starting [36mclean-extension-typescript-language-features-web[39m ...
[[90m13:56:22[39m] Starting [36mclean-extension-typescript-language-features[39m ...
[[90m13:56:22[39m] Starting [36mclean-extension-vscode-api-tests[39m ...
[[90m13:56:22[39m] Starting [36mclean-extension-vscode-colorize-tests[39m ...
[[90m13:56:22[39m] Starting [36mclean-extension-vscode-colorize-perf-tests[39m ...
[[90m13:56:22[39m] Starting [36mclean-extension-vscode-test-resolver[39m ...
[[90m13:56:22[39m] Starting [36mclean-extension-vscode-selfhost-test-provider[39m ...
[[90m13:56:22[39m] Starting [36mclean-extension-vscode-selfhost-import-aid[39m ...
[[90m13:56:22[39m] Starting [36mcompile-extension-media[39m ...
[[90m13:56:22[39m] Finished [36mmonaco-typecheck[39m after [35m74 ms[39m
[[90m13:56:22[39m] Finished [36mclean-extension-debug-auto-launch[39m after [35m230 ms[39m
[[90m13:56:22[39m] Starting [36mcompile-extension:debug-auto-launch[39m ...
[[90m13:56:22[39m] Starting [32mcompilation[39m[34m extensions[39m...
[[90m13:56:22[39m] Finished [36mclean-extension-debug-server-ready[39m after [35m265 ms[39m
[[90m13:56:22[39m] Starting [36mcompile-extension:debug-server-ready[39m ...
[[90m13:56:22[39m] Finished [36mclean-extension-extension-editing[39m after [35m284 ms[39m
[[90m13:56:22[39m] Starting [36mcompile-extension:extension-editing[39m ...
[[90m13:56:22[39m] Finished [36mclean-extension-grunt[39m after [35m308 ms[39m
[[90m13:56:22[39m] Starting [36mcompile-extension:grunt[39m ...
[[90m13:56:22[39m] Finished [36mclean-extension-gulp[39m after [35m320 ms[39m
[[90m13:56:22[39m] Starting [36mcompile-extension:gulp[39m ...
[[90m13:56:22[39m] Finished [36mclean-extension-jake[39m after [35m336 ms[39m
[[90m13:56:22[39m] Starting [36mcompile-extension:jake[39m ...
[[90m13:56:22[39m] Finished [36mclean-extension-markdown-math[39m after [35m354 ms[39m
[[90m13:56:22[39m] Starting [36mcompile-extension:markdown-math[39m ...
[[90m13:56:22[39m] Finished [36mclean-extension-merge-conflict[39m after [35m370 ms[39m
[[90m13:56:22[39m] Starting [36mcompile-extension:merge-conflict[39m ...
[[90m13:56:22[39m] Finished [36mclean-extension-mermaid-chat-features[39m after [35m392 ms[39m
[[90m13:56:22[39m] Starting [36mcompile-extension:mermaid-chat-features[39m ...
[[90m13:56:22[39m] Finished [36mclean-extension-simple-browser[39m after [35m415 ms[39m
[[90m13:56:22[39m] Starting [36mcompile-extension:simple-browser[39m ...
[[90m13:56:22[39m] Finished [36mclean-extension-tunnel-forwarding[39m after [35m435 ms[39m
[[90m13:56:22[39m] Starting [36mcompile-extension:tunnel-forwarding[39m ...
[[90m13:56:22[39m] Finished [36mclean-extension-vscode-colorize-perf-tests[39m after [35m459 ms[39m
[[90m13:56:22[39m] Starting [36mcompile-extension:vscode-colorize-perf-tests[39m ...
[[90m13:56:22[39m] Finished [36mclean-extension-vscode-selfhost-import-aid[39m after [35m485 ms[39m
[[90m13:56:22[39m] Starting [36mcompile-extension:vscode-selfhost-import-aid[39m ...
[[90m13:56:22[39m] Finished [36mclean-extension-vscode-colorize-tests[39m after [35m498 ms[39m
[[90m13:56:22[39m] Starting [36mcompile-extension:vscode-colorize-tests[39m ...
[[90m13:56:23[39m] Finished [36mclean-extension-vscode-selfhost-test-provider[39m after [35m518 ms[39m
[[90m13:56:23[39m] Starting [36mcompile-extension:vscode-selfhost-test-provider[39m ...
[[90m13:56:23[39m] Finished [36mclean-extension-css-language-features-client[39m after [35m701 ms[39m
[[90m13:56:23[39m] Starting [36mcompile-extension:css-language-features-client[39m ...
[[90m13:56:23[39m] Finished [36mclean-extension-css-language-features-server[39m after [35m728 ms[39m
[[90m13:56:23[39m] Starting [36mcompile-extension:css-language-features-server[39m ...
[[90m13:56:23[39m] Finished [36mclean-extension-configuration-editing[39m after [35m753 ms[39m
[[90m13:56:23[39m] Starting [36mcompile-extension:configuration-editing[39m ...
[[90m13:56:23[39m] Finished [36mclean-extension-git-base[39m after [35m780 ms[39m
[[90m13:56:23[39m] Starting [36mcompile-extension:git-base[39m ...
[[90m13:56:23[39m] Finished [32mesbuilding extension media[39m C:\Users\dbiss\Desktop\Projects\Personal\Project-Firefly\vscode\extensions\ipynb\esbuild.mjs with 0 errors.
[[90m13:56:23[39m] Finished [36mclean-extension-html-language-features-client[39m after [35m808 ms[39m
[[90m13:56:23[39m] Starting [36mcompile-extension:html-language-features-client[39m ...
[[90m13:56:23[39m] Finished [36mclean-extension-github[39m after [35m833 ms[39m
[[90m13:56:23[39m] Starting [36mcompile-extension:github[39m ...
[[90m13:56:23[39m] Finished [36mclean-extension-ipynb[39m after [35m872 ms[39m
[[90m13:56:23[39m] Starting [36mcompile-extension:ipynb[39m ...
[[90m13:56:23[39m] Finished [36mclean-extension-json-language-features-server[39m after [35m915 ms[39m
[[90m13:56:23[39m] Starting [36mcompile-extension:json-language-features-server[39m ...
[[90m13:56:23[39m] Finished [36mclean-extension-emmet[39m after [35m935 ms[39m
[[90m13:56:23[39m] Starting [36mcompile-extension:emmet[39m ...
[[90m13:56:23[39m] Finished [36mclean-extension-json-language-features-client[39m after [35m1022 ms[39m
[[90m13:56:23[39m] Starting [36mcompile-extension:json-language-features-client[39m ...
[[90m13:56:23[39m] Finished [36mclean-extension-git[39m after [35m1065 ms[39m
[[90m13:56:23[39m] Starting [36mcompile-extension:git[39m ...
[[90m13:56:23[39m] Finished [36mclean-extension-media-preview[39m after [35m1215 ms[39m
[[90m13:56:23[39m] Starting [36mcompile-extension:media-preview[39m ...
[[90m13:56:23[39m] Finished [36mclean-extension-notebook-renderers[39m after [35m1256 ms[39m
[[90m13:56:23[39m] Starting [36mcompile-extension:notebook-renderers[39m ...
[[90m13:56:23[39m] Finished [36mclean-extension-search-result[39m after [35m1285 ms[39m
[[90m13:56:23[39m] Starting [36mcompile-extension:search-result[39m ...
[[90m13:56:23[39m] Finished [36mclean-extension-npm[39m after [35m1303 ms[39m
[[90m13:56:23[39m] Starting [36mcompile-extension:npm[39m ...
[[90m13:56:23[39m] Finished [36mclean-extension-references-view[39m after [35m1338 ms[39m
[[90m13:56:23[39m] Starting [36mcompile-extension:references-view[39m ...
[[90m13:56:23[39m] Finished [36mclean-extension-typescript-language-features-web[39m after [35m1365 ms[39m
[[90m13:56:23[39m] Starting [36mcompile-extension:typescript-language-features-web[39m ...
[[90m13:56:23[39m] Finished [36mclean-extension-vscode-api-tests[39m after [35m1387 ms[39m
[[90m13:56:23[39m] Starting [36mcompile-extension:vscode-api-tests[39m ...
[[90m13:56:24[39m] Finished [36mclean-extension-vscode-test-resolver[39m after [35m1575 ms[39m
[[90m13:56:24[39m] Starting [36mcompile-extension:vscode-test-resolver[39m ...
[[90m13:56:24[39m] Finished [32mesbuilding extension media[39m C:\Users\dbiss\Desktop\Projects\Personal\Project-Firefly\vscode\extensions\simple-browser\esbuild-preview.mjs with 0 errors.
[[90m13:56:24[39m] Finished [32mesbuilding extension media[39m C:\Users\dbiss\Desktop\Projects\Personal\Project-Firefly\vscode\extensions\markdown-language-features\esbuild-notebook.mjs with 0 errors.
[[90m13:56:24[39m] Finished [32mesbuilding extension media[39m C:\Users\dbiss\Desktop\Projects\Personal\Project-Firefly\vscode\extensions\markdown-math\esbuild.mjs with 0 errors.
[[90m13:56:24[39m] Finished [32mesbuilding extension media[39m C:\Users\dbiss\Desktop\Projects\Personal\Project-Firefly\vscode\extensions\notebook-renderers\esbuild.mjs with 0 errors.
[[90m13:56:24[39m] Finished [32mesbuilding extension media[39m C:\Users\dbiss\Desktop\Projects\Personal\Project-Firefly\vscode\extensions\markdown-language-features\esbuild-preview.mjs with 0 errors.
[[90m13:56:32[39m] Finished [36mclean-extension-github-authentication[39m after [35m10500 ms[39m
[[90m13:56:32[39m] Starting [36mcompile-extension:github-authentication[39m ...
[[90m13:56:33[39m] Finished [36mclean-extension-markdown-language-features[39m after [35m10563 ms[39m
[[90m13:56:33[39m] Starting [36mcompile-extension:markdown-language-features[39m ...
[[90m13:56:33[39m] Finished [36mclean-extension-php-language-features[39m after [35m10667 ms[39m
[[90m13:56:33[39m] Starting [36mcompile-extension:php-language-features[39m ...
[[90m13:56:33[39m] Finished [36mclean-extension-microsoft-authentication[39m after [35m10696 ms[39m
[[90m13:56:33[39m] Starting [36mcompile-extension:microsoft-authentication[39m ...
(node:1892) [DEP0180] DeprecationWarning: fs.Stats constructor is deprecated.
(Use `node --trace-deprecation ...` to show where the warning was created)
[[90m13:56:33[39m] Finished [32mesbuilding extension media[39m C:\Users\dbiss\Desktop\Projects\Personal\Project-Firefly\vscode\extensions\mermaid-chat-features\esbuild-chat-webview.mjs with 0 errors.
[[90m13:56:33[39m] Finished [36mcompile-extension-media[39m after [35m10761 ms[39m
[[90m13:56:33[39m] Finished [36mclean-extension-typescript-language-features[39m after [35m10798 ms[39m
[[90m13:56:33[39m] Starting [36mcompile-extension:typescript-language-features[39m ...
[[90m13:56:34[39m] Finished [36mclean-extension-terminal-suggest[39m after [35m12331 ms[39m
[[90m13:56:34[39m] Starting [36mcompile-extension:terminal-suggest[39m ...
[[90m13:56:38[39m] Finished [36mclean-extension-html-language-features-server[39m after [35m16252 ms[39m
[[90m13:56:38[39m] Starting [36mcompile-extension:html-language-features-server[39m ...
[[90m13:56:38[39m] Finished [36mcompile-extension:debug-auto-launch[39m after [35m16166 ms[39m
[[90m13:56:38[39m] Finished [36mcompile-extension:vscode-selfhost-import-aid[39m after [35m15908 ms[39m
[[90m13:56:38[39m] Finished [36mcompile-extension:debug-server-ready[39m after [35m16173 ms[39m
[[90m13:56:38[39m] Finished [36mcompile-extension:grunt[39m after [35m16128 ms[39m
[[90m13:56:38[39m] Finished [36mcompile-extension:jake[39m after [35m16100 ms[39m
[[90m13:56:38[39m] Finished [36mcompile-extension:gulp[39m after [35m16117 ms[39m
[[90m13:56:38[39m] Finished [36mcompile-extension:markdown-math[39m after [35m16083 ms[39m
[[90m13:56:42[39m] Finished [36mcompile-extension:mermaid-chat-features[39m after [35m19123 ms[39m
[[90m13:56:45[39m] Finished [36mcompile-extension:search-result[39m after [35m21262 ms[39m
[[90m13:56:46[39m] Finished [36mclean-out[39m after [35m24282 ms[39m
[[90m13:56:46[39m] Starting [36mcompile-api-proposal-names[39m ...
[[90m13:56:46[39m] Starting [32mcompilation[39m[34m api-proposal-names[39m...
[[90m13:56:46[39m] Finished [36mcompile-extension:vscode-colorize-tests[39m after [35m23784 ms[39m
[[90m13:56:46[39m] Finished [36mcompile-extension:tunnel-forwarding[39m after [35m23847 ms[39m
[[90m13:56:46[39m] Finished [36mcompile-extension:vscode-colorize-perf-tests[39m after [35m23827 ms[39m
[[90m13:57:04[39m] Finished [36mcompile-extension:vscode-test-resolver[39m after [35m39992 ms[39m
[[90m13:57:04[39m] Finished [36mcompile-extension:simple-browser[39m after [35m41182 ms[39m
[[90m13:57:10[39m] Finished [36mcompile-extension:extension-editing[39m after [35m47561 ms[39m
[[90m13:57:12[39m] Finished [36mcompile-extension:json-language-features-client[39m after [35m48883 ms[39m
[[90m13:57:13[39m] Finished [36mcompile-extension:html-language-features-client[39m after [35m50699 ms[39m
[[90m13:57:14[39m] Finished [36mcompile-extension:configuration-editing[39m after [35m50777 ms[39m
[[90m13:57:14[39m] Finished [36mcompile-extension:css-language-features-client[39m after [35m50845 ms[39m
[[90m13:57:14[39m] Finished [36mcompile-extension:json-language-features-server[39m after [35m50631 ms[39m
[[90m13:57:16[39m] Finished [36mcompile-extension:php-language-features[39m after [35m43375 ms[39m
[[90m13:57:16[39m] Finished [36mcompile-extension:git-base[39m after [35m53290 ms[39m
[[90m13:57:16[39m] Finished [36mcompile-extension:merge-conflict[39m after [35m53703 ms[39m
[[90m13:57:16[39m] Finished [36mcompile-extension:typescript-language-features-web[39m after [35m52715 ms[39m
[[90m13:57:16[39m] Finished [36mcompile-extension:references-view[39m after [35m52746 ms[39m
[[90m13:57:16[39m] Finished [36mcompile-extension:media-preview[39m after [35m52880 ms[39m
[[90m13:57:16[39m] Finished [36mcompile-extension:npm[39m after [35m52794 ms[39m
[[90m13:57:19[39m] Finished [36mcompile-extension:notebook-renderers[39m after [35m55306 ms[39m
[[90m13:57:20[39m] Finished [36mcompile-extension:css-language-features-server[39m after [35m57366 ms[39m
[[90m13:57:22[39m] Finished [36mcompile-extension:vscode-selfhost-test-provider[39m after [35m59428 ms[39m
[[90m13:57:22[39m] Finished [36mcompile-extension:github[39m after [35m59122 ms[39m
[[90m13:57:26[39m] Finished [36mcompile-extension:ipynb[39m after [35m62754 ms[39m
[[90m13:57:28[39m] Finished [36mcompile-extension:github-authentication[39m after [35m55749 ms[39m
[[90m13:57:28[39m] Finished [36mcompile-extension:microsoft-authentication[39m after [35m55635 ms[39m
[[90m13:57:28[39m] Finished [36mcompile-extension:vscode-api-tests[39m after [35m65000 ms[39m
[[90m13:57:28[39m] Finished [36mcompile-extension:emmet[39m after [35m65480 ms[39m
[[90m13:57:28[39m] Finished [36mcompile-extension:html-language-features-server[39m after [35m50174 ms[39m
[[90m13:57:33[39m] Finished [32mcompilation[39m[34m api-proposal-names[39m with 0 errors after [35m47000 ms[39m
[[90m13:57:33[39m] Finished [36mcompile-api-proposal-names[39m after [35m47007 ms[39m
[[90m13:57:33[39m] Starting [36mcompile-src[39m ...
[[90m13:57:47[39m] Starting [32mcompilation[39m...
[[90m13:57:48[39m] Finished [36mcompile-extension:git[39m after [35m84453 ms[39m
[[90m13:57:53[39m] Finished [36mcompile-extension:markdown-language-features[39m after [35m80358 ms[39m
[[90m13:57:53[39m] Finished [32mcompilation[39m[34m extensions[39m with 0 errors after [35m91166 ms[39m
[[90m13:57:53[39m] Finished [36mcompile-extension:typescript-language-features[39m after [35m80633 ms[39m
[[90m13:57:54[39m] Finished [36mcompile-extension:terminal-suggest[39m after [35m79337 ms[39m
[[90m13:57:54[39m] Starting [36mcompile-extensions[39m ...
[[90m13:57:54[39m] Finished [36mcompile-extensions[39m after [35m0 ms[39m
Terminate batch job (Y/N)? 