
> code-oss-dev@1.109.0 compile
> npm run gulp compile


> code-oss-dev@1.109.0 gulp
> node --max-old-space-size=8192 ./node_modules/gulp/bin/gulp.js compile

[[90m12:58:00[39m] Using gulpfile ~\Desktop\Projects\Personal\Project-Firefly\vscode\gulpfile.mjs
[[90m12:58:00[39m] Starting 'compile'...
[[90m12:58:00[39m] Starting [36mmonaco-typecheck[39m ...
[[90m12:58:00[39m] Starting [36mclean-out[39m ...
[[90m12:58:00[39m] Starting [36mclean-extension-configuration-editing[39m ...
[[90m12:58:00[39m] Starting [36mclean-extension-css-language-features-client[39m ...
[[90m12:58:00[39m] Starting [36mclean-extension-css-language-features-server[39m ...
[[90m12:58:00[39m] Starting [36mclean-extension-debug-auto-launch[39m ...
[[90m12:58:00[39m] Starting [36mclean-extension-debug-server-ready[39m ...
[[90m12:58:00[39m] Starting [36mclean-extension-emmet[39m ...
[[90m12:58:00[39m] Starting [36mclean-extension-extension-editing[39m ...
[[90m12:58:00[39m] Starting [36mclean-extension-git[39m ...
[[90m12:58:00[39m] Starting [36mclean-extension-git-base[39m ...
[[90m12:58:00[39m] Starting [36mclean-extension-github[39m ...
[[90m12:58:00[39m] Starting [36mclean-extension-github-authentication[39m ...
[[90m12:58:00[39m] Starting [36mclean-extension-grunt[39m ...
[[90m12:58:00[39m] Starting [36mclean-extension-gulp[39m ...
[[90m12:58:00[39m] Starting [36mclean-extension-html-language-features-client[39m ...
[[90m12:58:00[39m] Starting [36mclean-extension-html-language-features-server[39m ...
[[90m12:58:00[39m] Starting [36mclean-extension-ipynb[39m ...
[[90m12:58:00[39m] Starting [36mclean-extension-jake[39m ...
[[90m12:58:00[39m] Starting [36mclean-extension-json-language-features-client[39m ...
[[90m12:58:00[39m] Starting [36mclean-extension-json-language-features-server[39m ...
[[90m12:58:00[39m] Starting [36mclean-extension-markdown-language-features[39m ...
[[90m12:58:00[39m] Starting [36mclean-extension-markdown-math[39m ...
[[90m12:58:00[39m] Starting [36mclean-extension-media-preview[39m ...
[[90m12:58:00[39m] Starting [36mclean-extension-merge-conflict[39m ...
[[90m12:58:00[39m] Starting [36mclean-extension-mermaid-chat-features[39m ...
[[90m12:58:00[39m] Starting [36mclean-extension-terminal-suggest[39m ...
[[90m12:58:00[39m] Starting [36mclean-extension-microsoft-authentication[39m ...
[[90m12:58:00[39m] Starting [36mclean-extension-notebook-renderers[39m ...
[[90m12:58:00[39m] Starting [36mclean-extension-npm[39m ...
[[90m12:58:00[39m] Starting [36mclean-extension-php-language-features[39m ...
[[90m12:58:00[39m] Starting [36mclean-extension-references-view[39m ...
[[90m12:58:00[39m] Starting [36mclean-extension-search-result[39m ...
[[90m12:58:00[39m] Starting [36mclean-extension-simple-browser[39m ...
[[90m12:58:00[39m] Starting [36mclean-extension-tunnel-forwarding[39m ...
[[90m12:58:00[39m] Starting [36mclean-extension-typescript-language-features-web[39m ...
[[90m12:58:00[39m] Starting [36mclean-extension-typescript-language-features[39m ...
[[90m12:58:00[39m] Starting [36mclean-extension-vscode-api-tests[39m ...
[[90m12:58:00[39m] Starting [36mclean-extension-vscode-colorize-tests[39m ...
[[90m12:58:00[39m] Starting [36mclean-extension-vscode-colorize-perf-tests[39m ...
[[90m12:58:00[39m] Starting [36mclean-extension-vscode-test-resolver[39m ...
[[90m12:58:00[39m] Starting [36mclean-extension-vscode-selfhost-test-provider[39m ...
[[90m12:58:00[39m] Starting [36mclean-extension-vscode-selfhost-import-aid[39m ...
[[90m12:58:00[39m] Starting [36mcompile-extension-media[39m ...
[[90m12:58:00[39m] Finished [36mmonaco-typecheck[39m after [35m105 ms[39m
[[90m12:58:00[39m] Finished [36mclean-extension-debug-server-ready[39m after [35m243 ms[39m
[[90m12:58:00[39m] Starting [36mcompile-extension:debug-server-ready[39m ...
[[90m12:58:00[39m] Starting [32mcompilation[39m[34m extensions[39m...
[[90m12:58:00[39m] Finished [36mclean-extension-debug-auto-launch[39m after [35m291 ms[39m
[[90m12:58:00[39m] Starting [36mcompile-extension:debug-auto-launch[39m ...
[[90m12:58:01[39m] Finished [36mclean-extension-grunt[39m after [35m314 ms[39m
[[90m12:58:01[39m] Starting [36mcompile-extension:grunt[39m ...
[[90m12:58:01[39m] Finished [36mclean-extension-gulp[39m after [35m328 ms[39m
[[90m12:58:01[39m] Starting [36mcompile-extension:gulp[39m ...
[[90m12:58:01[39m] Finished [36mclean-extension-jake[39m after [35m347 ms[39m
[[90m12:58:01[39m] Starting [36mcompile-extension:jake[39m ...
[[90m12:58:01[39m] Finished [36mclean-extension-extension-editing[39m after [35m371 ms[39m
[[90m12:58:01[39m] Starting [36mcompile-extension:extension-editing[39m ...
[[90m12:58:01[39m] Finished [36mclean-extension-markdown-math[39m after [35m395 ms[39m
[[90m12:58:01[39m] Starting [36mcompile-extension:markdown-math[39m ...
[[90m12:58:01[39m] Finished [36mclean-extension-mermaid-chat-features[39m after [35m412 ms[39m
[[90m12:58:01[39m] Starting [36mcompile-extension:mermaid-chat-features[39m ...
[[90m12:58:01[39m] Finished [36mclean-extension-merge-conflict[39m after [35m438 ms[39m
[[90m12:58:01[39m] Starting [36mcompile-extension:merge-conflict[39m ...
[[90m12:58:01[39m] Finished [36mclean-extension-simple-browser[39m after [35m461 ms[39m
[[90m12:58:01[39m] Starting [36mcompile-extension:simple-browser[39m ...
[[90m12:58:01[39m] Finished [36mclean-extension-tunnel-forwarding[39m after [35m477 ms[39m
[[90m12:58:01[39m] Starting [36mcompile-extension:tunnel-forwarding[39m ...
[[90m12:58:01[39m] Finished [36mclean-extension-vscode-colorize-perf-tests[39m after [35m492 ms[39m
[[90m12:58:01[39m] Starting [36mcompile-extension:vscode-colorize-perf-tests[39m ...
[[90m12:58:01[39m] Finished [36mclean-extension-vscode-selfhost-import-aid[39m after [35m507 ms[39m
[[90m12:58:01[39m] Starting [36mcompile-extension:vscode-selfhost-import-aid[39m ...
[[90m12:58:01[39m] Finished [36mclean-extension-vscode-colorize-tests[39m after [35m519 ms[39m
[[90m12:58:01[39m] Starting [36mcompile-extension:vscode-colorize-tests[39m ...
[[90m12:58:01[39m] Finished [36mclean-extension-vscode-selfhost-test-provider[39m after [35m533 ms[39m
[[90m12:58:01[39m] Starting [36mcompile-extension:vscode-selfhost-test-provider[39m ...
[[90m12:58:01[39m] Finished [36mclean-extension-css-language-features-client[39m after [35m767 ms[39m
[[90m12:58:01[39m] Starting [36mcompile-extension:css-language-features-client[39m ...
[[90m12:58:01[39m] Finished [36mclean-extension-css-language-features-server[39m after [35m798 ms[39m
[[90m12:58:01[39m] Starting [36mcompile-extension:css-language-features-server[39m ...
[[90m12:58:01[39m] Finished [36mclean-extension-configuration-editing[39m after [35m837 ms[39m
[[90m12:58:01[39m] Starting [36mcompile-extension:configuration-editing[39m ...
[[90m12:58:01[39m] Finished [36mclean-extension-git-base[39m after [35m859 ms[39m
[[90m12:58:01[39m] Starting [36mcompile-extension:git-base[39m ...
[[90m12:58:01[39m] Finished [36mclean-extension-github[39m after [35m879 ms[39m
[[90m12:58:01[39m] Starting [36mcompile-extension:github[39m ...
[[90m12:58:01[39m] Finished [36mclean-extension-git[39m after [35m916 ms[39m
[[90m12:58:01[39m] Starting [36mcompile-extension:git[39m ...
[[90m12:58:01[39m] Finished [36mclean-extension-json-language-features-server[39m after [35m1038 ms[39m
[[90m12:58:01[39m] Starting [36mcompile-extension:json-language-features-server[39m ...
[[90m12:58:01[39m] Finished [36mclean-extension-html-language-features-client[39m after [35m1059 ms[39m
[[90m12:58:01[39m] Starting [36mcompile-extension:html-language-features-client[39m ...
[[90m12:58:01[39m] Finished [36mclean-extension-json-language-features-client[39m after [35m1088 ms[39m
[[90m12:58:01[39m] Starting [36mcompile-extension:json-language-features-client[39m ...
[[90m12:58:01[39m] Finished [36mclean-extension-emmet[39m after [35m1120 ms[39m
[[90m12:58:01[39m] Starting [36mcompile-extension:emmet[39m ...
[[90m12:58:01[39m] Finished [36mclean-extension-media-preview[39m after [35m1186 ms[39m
[[90m12:58:01[39m] Starting [36mcompile-extension:media-preview[39m ...
[[90m12:58:01[39m] Finished [36mclean-extension-notebook-renderers[39m after [35m1213 ms[39m
[[90m12:58:01[39m] Starting [36mcompile-extension:notebook-renderers[39m ...
[[90m12:58:01[39m] Finished [36mclean-extension-npm[39m after [35m1235 ms[39m
[[90m12:58:01[39m] Starting [36mcompile-extension:npm[39m ...
[[90m12:58:01[39m] Finished [36mclean-extension-search-result[39m after [35m1284 ms[39m
[[90m12:58:01[39m] Starting [36mcompile-extension:search-result[39m ...
[[90m12:58:02[39m] Finished [36mclean-extension-references-view[39m after [35m1311 ms[39m
[[90m12:58:02[39m] Starting [36mcompile-extension:references-view[39m ...
[[90m12:58:02[39m] Finished [36mclean-extension-ipynb[39m after [35m1353 ms[39m
[[90m12:58:02[39m] Starting [36mcompile-extension:ipynb[39m ...
[[90m12:58:02[39m] Finished [36mclean-extension-typescript-language-features-web[39m after [35m1410 ms[39m
[[90m12:58:02[39m] Starting [36mcompile-extension:typescript-language-features-web[39m ...
[[90m12:58:02[39m] Finished [36mclean-extension-vscode-test-resolver[39m after [35m1431 ms[39m
[[90m12:58:02[39m] Starting [36mcompile-extension:vscode-test-resolver[39m ...
[[90m12:58:02[39m] Finished [36mclean-extension-vscode-api-tests[39m after [35m1527 ms[39m
[[90m12:58:02[39m] Starting [36mcompile-extension:vscode-api-tests[39m ...
[[90m12:58:02[39m] Finished [32mesbuilding extension media[39m C:\Users\dbiss\Desktop\Projects\Personal\Project-Firefly\vscode\extensions\markdown-language-features\esbuild-preview.mjs with 0 errors.
[[90m12:58:02[39m] Finished [32mesbuilding extension media[39m C:\Users\dbiss\Desktop\Projects\Personal\Project-Firefly\vscode\extensions\simple-browser\esbuild-preview.mjs with 0 errors.
[[90m12:58:02[39m] Finished [32mesbuilding extension media[39m C:\Users\dbiss\Desktop\Projects\Personal\Project-Firefly\vscode\extensions\ipynb\esbuild.mjs with 0 errors.
[[90m12:58:02[39m] Finished [32mesbuilding extension media[39m C:\Users\dbiss\Desktop\Projects\Personal\Project-Firefly\vscode\extensions\notebook-renderers\esbuild.mjs with 0 errors.
[[90m12:58:02[39m] Finished [32mesbuilding extension media[39m C:\Users\dbiss\Desktop\Projects\Personal\Project-Firefly\vscode\extensions\markdown-math\esbuild.mjs with 0 errors.
[[90m12:58:09[39m] Finished [36mclean-extension-github-authentication[39m after [35m9226 ms[39m
[[90m12:58:09[39m] Starting [36mcompile-extension:github-authentication[39m ...
[[90m12:58:09[39m] Finished [36mclean-extension-markdown-language-features[39m after [35m9253 ms[39m
[[90m12:58:09[39m] Starting [36mcompile-extension:markdown-language-features[39m ...
[[90m12:58:10[39m] Finished [36mclean-extension-php-language-features[39m after [35m9331 ms[39m
[[90m12:58:10[39m] Starting [36mcompile-extension:php-language-features[39m ...
[[90m12:58:10[39m] Finished [36mclean-extension-microsoft-authentication[39m after [35m9362 ms[39m
[[90m12:58:10[39m] Starting [36mcompile-extension:microsoft-authentication[39m ...
(node:32524) [DEP0180] DeprecationWarning: fs.Stats constructor is deprecated.
(Use `node --trace-deprecation ...` to show where the warning was created)
[[90m12:58:10[39m] Finished [32mesbuilding extension media[39m C:\Users\dbiss\Desktop\Projects\Personal\Project-Firefly\vscode\extensions\mermaid-chat-features\esbuild-chat-webview.mjs with 0 errors.
[[90m12:58:10[39m] Finished [32mesbuilding extension media[39m C:\Users\dbiss\Desktop\Projects\Personal\Project-Firefly\vscode\extensions\markdown-language-features\esbuild-notebook.mjs with 0 errors.
[[90m12:58:10[39m] Finished [36mcompile-extension-media[39m after [35m9428 ms[39m
[[90m12:58:10[39m] Finished [36mclean-extension-typescript-language-features[39m after [35m9492 ms[39m
[[90m12:58:10[39m] Starting [36mcompile-extension:typescript-language-features[39m ...
[[90m12:58:11[39m] Finished [36mclean-extension-terminal-suggest[39m after [35m10897 ms[39m
[[90m12:58:11[39m] Starting [36mcompile-extension:terminal-suggest[39m ...
[[90m12:58:13[39m] Finished [36mclean-extension-html-language-features-server[39m after [35m13295 ms[39m
[[90m12:58:13[39m] Starting [36mcompile-extension:html-language-features-server[39m ...
[[90m12:58:14[39m] Finished [36mcompile-extension:debug-server-ready[39m after [35m13200 ms[39m
[[90m12:58:14[39m] Finished [36mcompile-extension:debug-auto-launch[39m after [35m13152 ms[39m
[[90m12:58:14[39m] Finished [36mcompile-extension:gulp[39m after [35m13114 ms[39m
[[90m12:58:14[39m] Finished [36mcompile-extension:jake[39m after [35m13095 ms[39m
[[90m12:58:14[39m] Finished [36mcompile-extension:grunt[39m after [35m13130 ms[39m
[[90m12:58:14[39m] Finished [36mcompile-extension:vscode-selfhost-import-aid[39m after [35m12931 ms[39m
[[90m12:58:14[39m] Finished [36mcompile-extension:markdown-math[39m after [35m13048 ms[39m
[[90m12:58:16[39m] Finished [36mcompile-extension:mermaid-chat-features[39m after [35m15309 ms[39m
[[90m12:58:17[39m] Finished [36mcompile-extension:search-result[39m after [35m16014 ms[39m
[[90m12:58:18[39m] Finished [36mclean-out[39m after [35m18126 ms[39m
[[90m12:58:18[39m] Starting [36mcompile-api-proposal-names[39m ...
[[90m12:58:18[39m] Starting [32mcompilation[39m[34m api-proposal-names[39m...
[[90m12:58:18[39m] Finished [36mcompile-extension:vscode-colorize-perf-tests[39m after [35m17636 ms[39m
[[90m12:58:18[39m] Finished [36mcompile-extension:vscode-colorize-tests[39m after [35m17610 ms[39m
[[90m12:58:18[39m] Finished [36mcompile-extension:tunnel-forwarding[39m after [35m17653 ms[39m
[[90m12:58:26[39m] Finished [36mcompile-extension:vscode-test-resolver[39m after [35m24015 ms[39m
[[90m12:58:26[39m] Finished [36mcompile-extension:simple-browser[39m after [35m25007 ms[39m
[[90m12:58:29[39m] Finished [36mcompile-extension:extension-editing[39m after [35m28541 ms[39m
[[90m12:58:30[39m] Finished [36mcompile-extension:json-language-features-client[39m after [35m29012 ms[39m
[[90m12:58:31[39m] Finished [36mcompile-extension:html-language-features-client[39m after [35m30022 ms[39m
[[90m12:58:31[39m] Finished [36mcompile-extension:configuration-editing[39m after [35m30254 ms[39m
[[90m12:58:31[39m] Finished [36mcompile-extension:css-language-features-client[39m after [35m30335 ms[39m
[[90m12:58:31[39m] Finished [36mcompile-extension:json-language-features-server[39m after [35m30063 ms[39m
[[90m12:58:33[39m] Finished [36mcompile-extension:php-language-features[39m after [35m23537 ms[39m
[[90m12:58:33[39m] Finished [36mcompile-extension:git-base[39m after [35m32042 ms[39m
[[90m12:58:33[39m] Finished [36mcompile-extension:merge-conflict[39m after [35m32465 ms[39m
[[90m12:58:33[39m] Finished [36mcompile-extension:typescript-language-features-web[39m after [35m31494 ms[39m
[[90m12:58:33[39m] Finished [36mcompile-extension:references-view[39m after [35m31603 ms[39m
[[90m12:58:33[39m] Finished [36mcompile-extension:npm[39m after [35m31685 ms[39m
[[90m12:58:33[39m] Finished [36mcompile-extension:media-preview[39m after [35m31735 ms[39m
[[90m12:58:35[39m] Finished [36mcompile-extension:notebook-renderers[39m after [35m33656 ms[39m
[[90m12:58:36[39m] Finished [36mcompile-extension:css-language-features-server[39m after [35m35264 ms[39m
[[90m12:58:38[39m] Finished [36mcompile-extension:vscode-selfhost-test-provider[39m after [35m36781 ms[39m
[[90m12:58:38[39m] Finished [36mcompile-extension:github[39m after [35m36443 ms[39m
[[90m12:58:41[39m] Finished [36mcompile-extension:ipynb[39m after [35m39221 ms[39m
[[90m12:58:43[39m] Finished [36mcompile-extension:github-authentication[39m after [35m33562 ms[39m
[[90m12:58:43[39m] Finished [36mcompile-extension:microsoft-authentication[39m after [35m33479 ms[39m
[[90m12:58:43[39m] Finished [36mcompile-extension:vscode-api-tests[39m after [35m41361 ms[39m
[[90m12:58:43[39m] Finished [36mcompile-extension:emmet[39m after [35m41785 ms[39m
[[90m12:58:43[39m] Finished [36mcompile-extension:html-language-features-server[39m after [35m29615 ms[39m
[[90m12:58:46[39m] Finished [32mcompilation[39m[34m api-proposal-names[39m with 0 errors after [35m27583 ms[39m
[[90m12:58:46[39m] Finished [36mcompile-api-proposal-names[39m after [35m27586 ms[39m
[[90m12:58:46[39m] Starting [36mcompile-src[39m ...
[[90m12:58:53[39m] Starting [32mcompilation[39m...
[[90m12:58:53[39m] Finished [36mcompile-extension:git[39m after [35m52043 ms[39m
[[90m12:58:56[39m] Finished [36mcompile-extension:markdown-language-features[39m after [35m46559 ms[39m
[[90m12:58:56[39m] Finished [32mcompilation[39m[34m extensions[39m with 0 errors after [35m55795 ms[39m
[[90m12:58:56[39m] Finished [36mcompile-extension:typescript-language-features[39m after [35m46585 ms[39m
[[90m12:58:56[39m] Finished [36mcompile-extension:terminal-suggest[39m after [35m45283 ms[39m
[[90m12:58:56[39m] Starting [36mcompile-extensions[39m ...
[[90m12:58:56[39m] Finished [36mcompile-extensions[39m after [35m0 ms[39m
[[90m13:01:40[39m] [31mError[39m: C:/Users/dbiss/Desktop/Projects/Personal/Project-Firefly/vscode/src/vs/workbench/contrib/firefly/browser/fireflyViewPane.ts(25,13): 'typeElement' is declared but its value is never read.
[[90m13:01:40[39m] Finished [32mcompilation[39m with 1 errors after [35m166928 ms[39m
[[90m13:01:40[39m] [31mError[39m: C:/Users/dbiss/Desktop/Projects/Personal/Project-Firefly/vscode/src/vs/workbench/contrib/firefly/browser/fireflyViewPane.ts(25,13): 'typeElement' is declared but its value is never read.
[[90m13:01:40[39m] Finished [32mcompilation[39m with 1 errors after [35m166945 ms[39m
[[90m13:01:40[39m] 'compile' errored after 3.65 min
[[90m13:01:40[39m] Error: Found 1 errors
    at Stream.<anonymous> (file:///C:/Users/dbiss/Desktop/Projects/Personal/Project-Firefly/vscode/build/lib/reporter.ts:125:17)
    at _end (C:\Users\dbiss\Desktop\Projects\Personal\Project-Firefly\vscode\node_modules\through\index.js:65:9)
    at stream.end (C:\Users\dbiss\Desktop\Projects\Personal\Project-Firefly\vscode\node_modules\through\index.js:74:5)
    at Stream.onend (node:internal/streams/legacy:48:10)
    at Stream.emit (node:events:531:35)
    at Stream.emit (node:domain:552:15)
    at drain (C:\Users\dbiss\Desktop\Projects\Personal\Project-Firefly\vscode\node_modules\through\index.js:34:23)
    at stream.queue.stream.push (C:\Users\dbiss\Desktop\Projects\Personal\Project-Firefly\vscode\node_modules\through\index.js:45:5)
    at Stream.end (C:\Users\dbiss\Desktop\Projects\Personal\Project-Firefly\vscode\node_modules\through\index.js:15:35)
    at _end (C:\Users\dbiss\Desktop\Projects\Personal\Project-Firefly\vscode\node_modules\through\index.js:65:9)
