gyp info it worked if it ends with ok
gyp info using node-gyp@12.1.0
gyp info using node@22.20.0 | win32 | x64
gyp info find Python using Python version 3.14.0 found at "C:\Python314\python.exe"

gyp info find VS using VS2026 (18.1.11312.151) found at:
gyp info find VS "C:\Program Files (x86)\Microsoft Visual Studio\18\BuildTools"
gyp info find VS run with --verbose for detailed information
gyp info spawn C:\Python314\python.exe
gyp info spawn args [
gyp info spawn args 'C:\\Users\\dbiss\\AppData\\Roaming\\npm\\node_modules\\node-gyp\\gyp\\gyp_main.py',
gyp info spawn args 'binding.gyp',
gyp info spawn args '-f',
gyp info spawn args 'msvs',
gyp info spawn args '-I',
gyp info spawn args 'C:\\Users\\dbiss\\Desktop\\Projects\\Personal\\Project-Firefly\\vscode\\node_modules\\@vscode\\spdlog\\build\\config.gypi',
gyp info spawn args '-I',
gyp info spawn args 'C:\\Users\\dbiss\\AppData\\Roaming\\npm\\node_modules\\node-gyp\\addon.gypi',
gyp info spawn args '-I',
gyp info spawn args 'C:\\Users\\dbiss\\AppData\\Local\\node-gyp\\Cache\\39.2.7\\include\\node\\common.gypi',
gyp info spawn args '-Dlibrary=shared_library',
gyp info spawn args '-Dvisibility=default',
gyp info spawn args '-Dnode_root_dir=C:\\Users\\dbiss\\AppData\\Local\\node-gyp\\Cache\\39.2.7',
gyp info spawn args '-Dnode_gyp_dir=C:\\Users\\dbiss\\AppData\\Roaming\\npm\\node_modules\\node-gyp',
gyp info spawn args '-Dnode_lib_file=C:\\\\Users\\\\dbiss\\\\AppData\\\\Local\\\\node-gyp\\\\Cache\\\\39.2.7\\\\<(target_arch)\\\\node.lib',
gyp info spawn args '-Dmodule_root_dir=C:\\Users\\dbiss\\Desktop\\Projects\\Personal\\Project-Firefly\\vscode\\node_modules\\@vscode\\spdlog',
gyp info spawn args '-Dnode_engine=v8',
gyp info spawn args '--depth=.',
gyp info spawn args '--no-parallel',
gyp info spawn args '--generator-output',
gyp info spawn args 'C:\\Users\\dbiss\\Desktop\\Projects\\Personal\\Project-Firefly\\vscode\\node_modules\\@vscode\\spdlog\\build',
gyp info spawn args '-Goutput_dir=.'
gyp info spawn args ]
gyp info spawn C:\Program Files (x86)\Microsoft Visual Studio\18\BuildTools\MSBuild\Current\Bin\MSBuild.exe
gyp info spawn args [
gyp info spawn args 'build/binding.sln',
gyp info spawn args '/clp:Verbosity=minimal',
gyp info spawn args '/nologo',
gyp info spawn args '/nodeReuse:false',
gyp info spawn args '/p:Configuration=Release;Platform=x64'
gyp info spawn args ]

C:\Program Files (x86)\Microsoft Visual Studio\18\BuildTools\MSBuild\Microsoft\VC\v180\Microsoft.CppBuild.targets(548,5): warning MSB8028: The intermediate directory (Release\obj\node_addon_api_except\) contains files shared from another project (node_addon_api_except.vcxproj, node_addon_api_except.vcxproj).  This can lead to incorrect clean and rebuild behavior. [C:\Users\dbiss\Desktop\Projects\Personal\Project-Firefly\vscode\node_modules\@vscode\node-addon-api\node_addon_api_except.vcxproj]
  main.cc
C:\Users\dbiss\Desktop\Projects\Personal\Project-Firefly\vscode\node_modules\@vscode\spdlog\deps\spdlog\include\spdlog\fmt\bundled\core.h(418): warning C6285: (<non-zero constant> || <non-zero constant>) is always a non-zero constant. [C:\Users\dbiss\Desktop\Projects\Personal\Project-Firefly\vscode\node_modules\@vscode\spdlog\build\spdlog.vcxproj]
  logger.cc
C:\Users\dbiss\Desktop\Projects\Personal\Project-Firefly\vscode\node_modules\@vscode\spdlog\deps\spdlog\include\spdlog\fmt\bundled\core.h(418): warning C6285: (<non-zero constant> || <non-zero constant>) is always a non-zero constant. [C:\Users\dbiss\Desktop\Projects\Personal\Project-Firefly\vscode\node_modules\@vscode\spdlog\build\spdlog.vcxproj]
  win_delay_load_hook.cc
     Creating library C:\Users\dbiss\Desktop\Projects\Personal\Project-Firefly\vscode\node_modules\@vscode\spdlog\build\Release\spdlog.lib and object C:\Users\dbiss\Desktop\Projects\Personal\Project-Firefly\vscode\node_modules\@vscode\spdlog\build\Release\spdlog.exp
  Generating code
  Previous IPDB not found, fall back to full compilation.
  All 5534 functions were compiled because no usable IPDB/IOBJ from previous compilation was found.
  Finished generating code
  spdlog.vcxproj -> C:\Users\dbiss\Desktop\Projects\Personal\Project-Firefly\vscode\node_modules\@vscode\spdlog\build\Release\\spdlog.node
gyp info ok 
gyp info it worked if it ends with ok
gyp info using node-gyp@12.1.0
gyp info using node@22.20.0 | win32 | x64
gyp info find Python using Python version 3.14.0 found at "C:\Python314\python.exe"

gyp info find VS using VS2026 (18.1.11312.151) found at:
gyp info find VS "C:\Program Files (x86)\Microsoft Visual Studio\18\BuildTools"
gyp info find VS run with --verbose for detailed information
gyp info spawn C:\Python314\python.exe
gyp info spawn args [
gyp info spawn args 'C:\\Users\\dbiss\\AppData\\Roaming\\npm\\node_modules\\node-gyp\\gyp\\gyp_main.py',
gyp info spawn args 'binding.gyp',
gyp info spawn args '-f',
gyp info spawn args 'msvs',
gyp info spawn args '-I',
gyp info spawn args 'C:\\Users\\dbiss\\Desktop\\Projects\\Personal\\Project-Firefly\\vscode\\node_modules\\@vscode\\sqlite3\\build\\config.gypi',
gyp info spawn args '-I',
gyp info spawn args 'C:\\Users\\dbiss\\AppData\\Roaming\\npm\\node_modules\\node-gyp\\addon.gypi',
gyp info spawn args '-I',
gyp info spawn args 'C:\\Users\\dbiss\\AppData\\Local\\node-gyp\\Cache\\39.2.7\\include\\node\\common.gypi',
gyp info spawn args '-Dlibrary=shared_library',
gyp info spawn args '-Dvisibility=default',
gyp info spawn args '-Dnode_root_dir=C:\\Users\\dbiss\\AppData\\Local\\node-gyp\\Cache\\39.2.7',
gyp info spawn args '-Dnode_gyp_dir=C:\\Users\\dbiss\\AppData\\Roaming\\npm\\node_modules\\node-gyp',
gyp info spawn args '-Dnode_lib_file=C:\\\\Users\\\\dbiss\\\\AppData\\\\Local\\\\node-gyp\\\\Cache\\\\39.2.7\\\\<(target_arch)\\\\node.lib',
gyp info spawn args '-Dmodule_root_dir=C:\\Users\\dbiss\\Desktop\\Projects\\Personal\\Project-Firefly\\vscode\\node_modules\\@vscode\\sqlite3',
gyp info spawn args '-Dnode_engine=v8',
gyp info spawn args '--depth=.',
gyp info spawn args '--no-parallel',
gyp info spawn args '--generator-output',
gyp info spawn args 'C:\\Users\\dbiss\\Desktop\\Projects\\Personal\\Project-Firefly\\vscode\\node_modules\\@vscode\\sqlite3\\build',
gyp info spawn args '-Goutput_dir=.'
gyp info spawn args ]
gyp info spawn C:\Program Files (x86)\Microsoft Visual Studio\18\BuildTools\MSBuild\Current\Bin\MSBuild.exe
gyp info spawn args [
gyp info spawn args 'build/binding.sln',
gyp info spawn args '/clp:Verbosity=minimal',
gyp info spawn args '/nologo',
gyp info spawn args '/nodeReuse:false',
gyp info spawn args '/p:Configuration=Release;Platform=x64'
gyp info spawn args ]

  unpack_sqlite_dep
  sqlite3.c
  win_delay_load_hook.cc
  sqlite3.vcxproj -> C:\Users\dbiss\Desktop\Projects\Personal\Project-Firefly\vscode\node_modules\@vscode\sqlite3\build\Release\\sqlite3.lib
  nothing.c
  win_delay_load_hook.cc
  nothing.vcxproj -> C:\Users\dbiss\Desktop\Projects\Personal\Project-Firefly\vscode\node_modules\@vscode\sqlite3\build\Release\\nothing.lib
  backup.cc
C:\Users\dbiss\AppData\Local\node-gyp\Cache\39.2.7\include\node\uv\win.h(198): warning C28251: Inconsistent annotation for 'NTSTATUS': this instance has no annotations. See c:\program files (x86)\windows kits\10\include\10.0.26100.0\shared\bcrypt.h(39). . [C:\Users\dbiss\Desktop\Projects\Personal\Project-Firefly\vscode\node_modules\@vscode\sqlite3\build\vscode-sqlite3.vcxproj]
  database.cc
C:\Users\dbiss\AppData\Local\node-gyp\Cache\39.2.7\include\node\uv\win.h(198): warning C28251: Inconsistent annotation for 'NTSTATUS': this instance has no annotations. See c:\program files (x86)\windows kits\10\include\10.0.26100.0\shared\bcrypt.h(39). . [C:\Users\dbiss\Desktop\Projects\Personal\Project-Firefly\vscode\node_modules\@vscode\sqlite3\build\vscode-sqlite3.vcxproj]
  node_sqlite3.cc
C:\Users\dbiss\AppData\Local\node-gyp\Cache\39.2.7\include\node\uv\win.h(198): warning C28251: Inconsistent annotation for 'NTSTATUS': this instance has no annotations. See c:\program files (x86)\windows kits\10\include\10.0.26100.0\shared\bcrypt.h(39). . [C:\Users\dbiss\Desktop\Projects\Personal\Project-Firefly\vscode\node_modules\@vscode\sqlite3\build\vscode-sqlite3.vcxproj]
  statement.cc
C:\Users\dbiss\AppData\Local\node-gyp\Cache\39.2.7\include\node\uv\win.h(198): warning C28251: Inconsistent annotation for 'NTSTATUS': this instance has no annotations. See c:\program files (x86)\windows kits\10\include\10.0.26100.0\shared\bcrypt.h(39). . [C:\Users\dbiss\Desktop\Projects\Personal\Project-Firefly\vscode\node_modules\@vscode\sqlite3\build\vscode-sqlite3.vcxproj]
  win_delay_load_hook.cc
     Creating library C:\Users\dbiss\Desktop\Projects\Personal\Project-Firefly\vscode\node_modules\@vscode\sqlite3\build\Release\vscode-sqlite3.lib and object C:\Users\dbiss\Desktop\Projects\Personal\Project-Firefly\vscode\node_modules\@vscode\sqlite3\build\Release\vscode-sqlite3.exp
  Generating code
  Previous IPDB not found, fall back to full compilation.
  All 5056 functions were compiled because no usable IPDB/IOBJ from previous compilation was found.
  Finished generating code
  vscode-sqlite3.vcxproj -> C:\Users\dbiss\Desktop\Projects\Personal\Project-Firefly\vscode\node_modules\@vscode\sqlite3\build\Release\\vscode-sqlite3.node
gyp info ok 
gyp info it worked if it ends with ok
gyp info using node-gyp@12.1.0
gyp info using node@22.20.0 | win32 | x64
gyp info find Python using Python version 3.14.0 found at "C:\Python314\python.exe"

gyp info find VS using VS2026 (18.1.11312.151) found at:
gyp info find VS "C:\Program Files (x86)\Microsoft Visual Studio\18\BuildTools"
gyp info find VS run with --verbose for detailed information
gyp info spawn C:\Python314\python.exe
gyp info spawn args [
gyp info spawn args 'C:\\Users\\dbiss\\AppData\\Roaming\\npm\\node_modules\\node-gyp\\gyp\\gyp_main.py',
gyp info spawn args 'binding.gyp',
gyp info spawn args '-f',
gyp info spawn args 'msvs',
gyp info spawn args '-I',
gyp info spawn args 'C:\\Users\\dbiss\\Desktop\\Projects\\Personal\\Project-Firefly\\vscode\\node_modules\\@vscode\\policy-watcher\\build\\config.gypi',
gyp info spawn args '-I',
gyp info spawn args 'C:\\Users\\dbiss\\AppData\\Roaming\\npm\\node_modules\\node-gyp\\addon.gypi',
gyp info spawn args '-I',
gyp info spawn args 'C:\\Users\\dbiss\\AppData\\Local\\node-gyp\\Cache\\39.2.7\\include\\node\\common.gypi',
gyp info spawn args '-Dlibrary=shared_library',
gyp info spawn args '-Dvisibility=default',
gyp info spawn args '-Dnode_root_dir=C:\\Users\\dbiss\\AppData\\Local\\node-gyp\\Cache\\39.2.7',
gyp info spawn args '-Dnode_gyp_dir=C:\\Users\\dbiss\\AppData\\Roaming\\npm\\node_modules\\node-gyp',
gyp info spawn args '-Dnode_lib_file=C:\\\\Users\\\\dbiss\\\\AppData\\\\Local\\\\node-gyp\\\\Cache\\\\39.2.7\\\\<(target_arch)\\\\node.lib',
gyp info spawn args '-Dmodule_root_dir=C:\\Users\\dbiss\\Desktop\\Projects\\Personal\\Project-Firefly\\vscode\\node_modules\\@vscode\\policy-watcher',
gyp info spawn args '-Dnode_engine=v8',
gyp info spawn args '--depth=.',
gyp info spawn args '--no-parallel',
gyp info spawn args '--generator-output',
gyp info spawn args 'C:\\Users\\dbiss\\Desktop\\Projects\\Personal\\Project-Firefly\\vscode\\node_modules\\@vscode\\policy-watcher\\build',
gyp info spawn args '-Goutput_dir=.'
gyp info spawn args ]
gyp info spawn C:\Program Files (x86)\Microsoft Visual Studio\18\BuildTools\MSBuild\Current\Bin\MSBuild.exe
gyp info spawn args [
gyp info spawn args 'build/binding.sln',
gyp info spawn args '/clp:Verbosity=minimal',
gyp info spawn args '/nologo',
gyp info spawn args '/nodeReuse:false',
gyp info spawn args '/p:Configuration=Release;Platform=x64'
gyp info spawn args ]

  main.cc
  PolicyWatcher.cc
  StringPolicy.cc
  NumberPolicy.cc
  BooleanPolicy.cc
  win_delay_load_hook.cc
     Creating library C:\Users\dbiss\Desktop\Projects\Personal\Project-Firefly\vscode\node_modules\@vscode\policy-watcher\build\Release\vscode-policy-watcher.lib and object C:\Users\dbiss\Desktop\Projects\Personal\Project-Firefly\vscode\node_modules\@vscode\policy-watcher\build\Release\vscode-policy-watcher.exp
  Generating code
  Previous IPDB not found, fall back to full compilation.
  All 819 functions were compiled because no usable IPDB/IOBJ from previous compilation was found.
  Finished generating code
  vscode-policy-watcher.vcxproj -> C:\Users\dbiss\Desktop\Projects\Personal\Project-Firefly\vscode\node_modules\@vscode\policy-watcher\build\Release\\vscode-policy-watcher.node
gyp info ok 
